2023.06.18 22:11:56 INFO  Started: Metals version 0.11.12 in workspace '/Users/lihaoyang/Code/CF/879 div2' for client Visual Studio Code 1.79.0.
Jun 18, 2023 10:11:56 PM org.flywaydb.core.internal.license.VersionPrinter printVersionOnly
INFO: Flyway Community Edition 9.16.3 by Redgate
Jun 18, 2023 10:11:56 PM org.flywaydb.core.internal.license.VersionPrinter printVersion
INFO: See release notes here: https://rd.gt/416ObMi
Jun 18, 2023 10:11:56 PM org.flywaydb.core.internal.license.VersionPrinter printVersion
INFO: 
Jun 18, 2023 10:11:57 PM org.flywaydb.core.internal.database.base.BaseDatabaseType createDatabase
INFO: Database: jdbc:h2:file:/Users/lihaoyang/Code/CF/879 div2/.metals/metals (H2 2.1)
Jun 18, 2023 10:11:57 PM org.flywaydb.core.internal.schemahistory.JdbcTableSchemaHistory allAppliedMigrations
INFO: Schema history table "PUBLIC"."flyway_schema_history" does not exist yet
Jun 18, 2023 10:11:57 PM org.flywaydb.core.internal.command.DbValidate validate
INFO: Successfully validated 4 migrations (execution time 00:00.020s)
Jun 18, 2023 10:11:57 PM org.flywaydb.core.internal.schemahistory.JdbcTableSchemaHistory create
INFO: Creating Schema History table "PUBLIC"."flyway_schema_history" ...
Jun 18, 2023 10:11:57 PM org.flywaydb.core.internal.command.DbMigrate migrateGroup
INFO: Current version of schema "PUBLIC": << Empty Schema >>
Jun 18, 2023 10:11:57 PM org.flywaydb.core.internal.command.DbMigrate doMigrateGroup
INFO: Migrating schema "PUBLIC" to version "1 - Create tables"
Jun 18, 2023 10:11:57 PM org.flywaydb.core.internal.command.DbMigrate doMigrateGroup
INFO: Migrating schema "PUBLIC" to version "2 - Server discovery"
Jun 18, 2023 10:11:57 PM org.flywaydb.core.internal.command.DbMigrate doMigrateGroup
INFO: Migrating schema "PUBLIC" to version "3 - Jar symbols"
Jun 18, 2023 10:11:57 PM org.flywaydb.core.internal.command.DbMigrate doMigrateGroup
INFO: Migrating schema "PUBLIC" to version "4 - Fingerprints"
Jun 18, 2023 10:11:57 PM org.flywaydb.core.internal.command.DbMigrate logSummary
INFO: Successfully applied 4 migrations to schema "PUBLIC", now at version v4 (execution time 00:00.066s)
2023.06.18 22:11:57 INFO  time: initialize in 0.9s
2023.06.18 22:11:57 WARN  Build server is not auto-connectable.
2023.06.18 22:11:57 WARN  no build tool detected in workspace '/Users/lihaoyang/Code/CF/879 div2'. The most common cause for this problem is that the editor was opened in the wrong working directory, for example if you use sbt then the workspace directory should contain build.sbt. 
2023.06.18 22:11:57 WARN  no build target for: /Users/lihaoyang/Code/CF/879 div2/b.scala
2023.06.18 22:12:02 INFO  no build target found for /Users/lihaoyang/Code/CF/879 div2/b.scala. Using presentation compiler with project's scala-library version: 3.2.2
2023.06.18 22:12:04 INFO  time: code lens generation in 6.62s
2023.06.18 22:12:04 INFO  time: code lens generation in 1.42s
2023.06.18 22:12:04 INFO  time: code lens generation in 5.93s
2023.06.18 22:12:04 INFO  time: code lens generation in 1.42s
Jun 18, 2023 10:12:57 PM org.eclipse.lsp4j.jsonrpc.RemoteEndpoint handleCancellation
WARNING: Unmatched cancel notification for request id 106
2023.06.18 22:13:13 WARN  no build target for: /Users/lihaoyang/Code/CF/879 div2/b.scala
Exception in thread "pool-3-thread-1" java.lang.Error: java.lang.InterruptedException
	at java.util.concurrent.ThreadPoolExecutor.runWorker(ThreadPoolExecutor.java:1155)
	at java.util.concurrent.ThreadPoolExecutor$Worker.run(ThreadPoolExecutor.java:624)
	at java.lang.Thread.run(Thread.java:748)
Caused by: java.lang.InterruptedException
	at scala.meta.internal.metals.FutureCancelToken.checkCanceled(FutureCancelToken.scala:29)
	at scala.meta.internal.pc.CompilerAccess.onCompilerJobQueue$$anonfun$1(CompilerAccess.scala:195)
	at scala.meta.internal.pc.CompilerJobQueue$Job.run(CompilerJobQueue.scala:152)
	at java.util.concurrent.ThreadPoolExecutor.runWorker(ThreadPoolExecutor.java:1149)
	... 2 more
2023.06.18 22:13:31 WARN  no build target for: /Users/lihaoyang/Code/CF/879 div2/b.scala
Jun 18, 2023 10:15:45 PM org.eclipse.lsp4j.jsonrpc.RemoteEndpoint handleCancellation
WARNING: Unmatched cancel notification for request id 567
Jun 18, 2023 10:15:45 PM org.eclipse.lsp4j.jsonrpc.RemoteEndpoint handleCancellation
WARNING: Unmatched cancel notification for request id 569
2023.06.18 22:16:48 WARN  no build target for: /Users/lihaoyang/Code/CF/879 div2/b.scala
2023.06.18 22:17:31 WARN  no build target for: /Users/lihaoyang/Code/CF/879 div2/b.scala
2023.06.18 22:17:40 WARN  no build target for: /Users/lihaoyang/Code/CF/879 div2/b.scala
2023.06.18 22:18:10 WARN  no build target for: /Users/lihaoyang/Code/CF/879 div2/b.scala
2023.06.18 22:18:40 WARN  no build target for: /Users/lihaoyang/Code/CF/879 div2/b.scala
2023.06.18 22:19:34 WARN  no build target for: /Users/lihaoyang/Code/CF/879 div2/b.scala
2023.06.18 22:19:51 WARN  no build target for: /Users/lihaoyang/Code/CF/879 div2/b.scala
2023.06.18 22:21:42 WARN  no build target for: /Users/lihaoyang/Code/CF/879 div2/b.scala
2023.06.18 22:22:19 WARN  no build target for: /Users/lihaoyang/Code/CF/879 div2/b.scala
2023.06.18 22:22:34 WARN  no build target for: /Users/lihaoyang/Code/CF/879 div2/b.scala
2023.06.18 22:22:38 WARN  no build target for: /Users/lihaoyang/Code/CF/879 div2/b.scala
Exception in thread "pool-3-thread-2" java.lang.Error: java.lang.InterruptedException
	at java.util.concurrent.ThreadPoolExecutor.runWorker(ThreadPoolExecutor.java:1155)
	at java.util.concurrent.ThreadPoolExecutor$Worker.run(ThreadPoolExecutor.java:624)
	at java.lang.Thread.run(Thread.java:748)
Caused by: java.lang.InterruptedException
	at scala.meta.internal.metals.FutureCancelToken.checkCanceled(FutureCancelToken.scala:29)
	at scala.meta.internal.pc.CompilerAccess.onCompilerJobQueue$$anonfun$1(CompilerAccess.scala:195)
	at scala.meta.internal.pc.CompilerJobQueue$Job.run(CompilerJobQueue.scala:152)
	at java.util.concurrent.ThreadPoolExecutor.runWorker(ThreadPoolExecutor.java:1149)
	... 2 more
2023.06.18 22:22:39 WARN  no build target for: /Users/lihaoyang/Code/CF/879 div2/b.scala
2023.06.20 21:49:25 INFO  Shutting down server
2023.06.20 21:49:25 INFO  shutting down Metals
2023.06.20 21:49:25 INFO  Exiting server
2023.06.24 18:02:13 INFO  Started: Metals version 0.11.12 in workspace '/Users/lihaoyang/Code/CF/879 div2' for client Visual Studio Code 1.79.2.
Jun 24, 2023 6:02:13 PM org.flywaydb.core.internal.license.VersionPrinter printVersionOnly
INFO: Flyway Community Edition 9.16.3 by Redgate
Jun 24, 2023 6:02:13 PM org.flywaydb.core.internal.license.VersionPrinter printVersion
INFO: See release notes here: https://rd.gt/416ObMi
Jun 24, 2023 6:02:13 PM org.flywaydb.core.internal.license.VersionPrinter printVersion
INFO: 
Jun 24, 2023 6:02:13 PM org.flywaydb.core.internal.database.base.BaseDatabaseType createDatabase
INFO: Database: jdbc:h2:file:/Users/lihaoyang/Code/CF/879 div2/.metals/metals (H2 2.1)
Jun 24, 2023 6:02:14 PM org.flywaydb.core.internal.command.DbValidate validate
INFO: Successfully validated 4 migrations (execution time 00:00.055s)
Jun 24, 2023 6:02:14 PM org.flywaydb.core.internal.command.DbMigrate migrateGroup
INFO: Current version of schema "PUBLIC": 4
Jun 24, 2023 6:02:14 PM org.flywaydb.core.internal.command.DbMigrate logSummary
INFO: Schema "PUBLIC" is up to date. No migration necessary.
2023.06.24 18:02:14 INFO  time: initialize in 1.29s
2023.06.24 18:02:16 WARN  Build server is not auto-connectable.
2023.06.24 18:02:16 WARN  no build tool detected in workspace '/Users/lihaoyang/Code/CF/879 div2'. The most common cause for this problem is that the editor was opened in the wrong working directory, for example if you use sbt then the workspace directory should contain build.sbt. 
2023.06.24 18:02:16 WARN  no build target for: /Users/lihaoyang/Code/CF/879 div2/b.scala
2023.06.24 18:02:18 INFO  Shutting down server
2023.06.24 18:02:18 INFO  shutting down Metals
2023.06.24 18:02:21 INFO  no build target found for /Users/lihaoyang/Code/CF/879 div2/b.scala. Using presentation compiler with project's scala-library version: 3.2.2
Jun 24, 2023 6:02:22 PM org.flywaydb.core.internal.database.base.BaseDatabaseType createDatabase
INFO: Database: jdbc:h2:file:/Users/lihaoyang/Code/CF/879 div2/.metals/metals (H2 2.1)
Jun 24, 2023 6:02:22 PM org.flywaydb.core.internal.command.DbValidate validate
INFO: Successfully validated 4 migrations (execution time 00:00.010s)
Jun 24, 2023 6:02:22 PM org.flywaydb.core.internal.command.DbMigrate migrateGroup
INFO: Current version of schema "PUBLIC": 4
Jun 24, 2023 6:02:22 PM org.flywaydb.core.internal.command.DbMigrate logSummary
INFO: Schema "PUBLIC" is up to date. No migration necessary.
2023.06.24 18:02:34 INFO  time: code lens generation in 16s
2023.06.24 18:02:34 WARN  sql closed: select build_target_uri from dependency_source where text_document_uri = ?;
2023.06.24 18:02:34 INFO  time: code lens generation in 17s
